[2020-01-19T09:37:36.126] [DEBUG] cheese - login => username:zs,password:123456
[2020-01-19T09:37:36.129] [DEBUG] cheese - zs
[2020-01-19T09:37:36.144] [DEBUG] cheese - null
[2020-01-19T09:37:36.144] [DEBUG] cheese - null
[2020-01-19T09:37:45.423] [DEBUG] cheese - login => username:admin,password:123456
[2020-01-19T09:37:45.423] [DEBUG] cheese - admin
[2020-01-19T09:37:45.432] [DEBUG] cheese - null
[2020-01-19T09:37:45.432] [DEBUG] cheese - null
[2020-01-19T14:58:49.600] [DEBUG] cheese - login => username:admin,password:123456
[2020-01-19T14:58:49.602] [DEBUG] cheese - admin
[2020-01-19T14:58:49.617] [DEBUG] cheese - null
[2020-01-19T14:58:49.618] [DEBUG] cheese - null
[2020-01-19T14:59:44.235] [DEBUG] cheese - login => username:admin,password:123456
[2020-01-19T14:59:44.235] [DEBUG] cheese - admin
[2020-01-19T14:59:44.238] [DEBUG] cheese - null
[2020-01-19T14:59:44.239] [DEBUG] cheese - null
[2020-01-19T15:17:42.569] [DEBUG] cheese - login => username:admin,password:123456
[2020-01-19T15:17:42.570] [DEBUG] cheese - admin
[2020-01-19T15:17:42.574] [DEBUG] cheese - null
[2020-01-19T15:17:42.574] [DEBUG] cheese - null
[2020-01-19T15:18:22.727] [DEBUG] cheese - login => username:admin,password:123456
[2020-01-19T15:18:22.727] [DEBUG] cheese - admin
[2020-01-19T15:18:22.729] [DEBUG] cheese - null
[2020-01-19T15:18:22.729] [DEBUG] cheese - null
[2020-01-19T15:18:26.210] [DEBUG] cheese - login => username:admin,password:123456
[2020-01-19T15:18:26.210] [DEBUG] cheese - admin
[2020-01-19T15:18:26.213] [DEBUG] cheese - null
[2020-01-19T15:18:26.213] [DEBUG] cheese - null
[2020-01-19T15:18:28.096] [DEBUG] cheese - login => username:admina,password:123456
[2020-01-19T15:18:28.096] [DEBUG] cheese - admina
[2020-01-19T15:18:28.098] [DEBUG] cheese - null
[2020-01-19T15:18:28.098] [DEBUG] cheese - null
[2020-01-19T15:25:07.169] [DEBUG] cheese - login => username:admin,password:123456
[2020-01-19T15:25:07.170] [DEBUG] cheese - admin
[2020-01-19T15:25:07.172] [DEBUG] cheese - null
[2020-01-19T15:25:07.173] [DEBUG] cheese - null
[2020-01-19T15:26:31.579] [DEBUG] cheese - login => username:admin,password:123456d
[2020-01-19T15:26:31.579] [DEBUG] cheese - admin
[2020-01-19T15:26:31.581] [DEBUG] cheese - null
[2020-01-19T15:26:31.581] [DEBUG] cheese - null
[2020-01-19T15:26:34.835] [DEBUG] cheese - login => username:admin,password:123456d
[2020-01-19T15:26:34.835] [DEBUG] cheese - admin
[2020-01-19T15:26:34.836] [DEBUG] cheese - null
[2020-01-19T15:26:34.837] [DEBUG] cheese - null
[2020-01-19T15:26:35.293] [DEBUG] cheese - login => username:admin,password:123456d
[2020-01-19T15:26:35.293] [DEBUG] cheese - admin
[2020-01-19T15:26:35.296] [DEBUG] cheese - null
[2020-01-19T15:26:35.296] [DEBUG] cheese - null
[2020-01-19T15:26:40.302] [DEBUG] cheese - login => username:admin,password:123456
[2020-01-19T15:26:40.302] [DEBUG] cheese - admin
[2020-01-19T15:26:40.304] [DEBUG] cheese - null
[2020-01-19T15:26:40.304] [DEBUG] cheese - null
[2020-01-19T15:28:41.289] [DEBUG] cheese - login => username:admin,password:123456
[2020-01-19T15:28:41.289] [DEBUG] cheese - admin
[2020-01-19T15:28:41.291] [DEBUG] cheese - null
[2020-01-19T15:28:41.291] [DEBUG] cheese - null
[2020-01-19T15:29:36.110] [DEBUG] cheese - login => username:admin,password:123456
[2020-01-19T15:29:36.110] [DEBUG] cheese - admin
[2020-01-19T15:29:36.113] [DEBUG] cheese - null
[2020-01-19T15:29:36.113] [DEBUG] cheese - null
[2020-01-19T15:30:03.885] [DEBUG] cheese - login => username:admin,password:123456
[2020-01-19T15:30:03.885] [DEBUG] cheese - admin
[2020-01-19T15:30:03.888] [DEBUG] cheese - null
[2020-01-19T15:30:03.888] [DEBUG] cheese - null
[2020-01-19T15:42:40.236] [DEBUG] cheese - login => username:admin,password:123456
[2020-01-19T15:42:40.236] [DEBUG] cheese - admin
[2020-01-19T15:42:40.239] [DEBUG] cheese - null
[2020-01-19T15:42:40.239] [DEBUG] cheese - null
[2020-01-19T16:03:47.994] [DEBUG] cheese - login => username:admin,password:123456
[2020-01-19T16:03:47.994] [DEBUG] cheese - admin
[2020-01-19T16:03:47.997] [DEBUG] cheese - null
[2020-01-19T16:03:47.997] [DEBUG] cheese - null
[2020-01-19T16:10:45.012] [DEBUG] cheese - login => username:admin,password:123456
[2020-01-19T16:10:45.012] [DEBUG] cheese - admin
[2020-01-19T16:10:45.016] [DEBUG] cheese - null
[2020-01-19T16:10:45.016] [DEBUG] cheese - null
[2020-01-19T16:11:53.433] [DEBUG] cheese - login => username:admin,password:123456
[2020-01-19T16:11:53.433] [DEBUG] cheese - admin
[2020-01-19T16:11:53.436] [DEBUG] cheese - null
[2020-01-19T16:11:53.436] [DEBUG] cheese - null
[2020-01-19T16:18:49.514] [DEBUG] cheese - login => username:admin,password:123456
[2020-01-19T16:18:49.514] [DEBUG] cheese - admin
[2020-01-19T16:18:49.516] [DEBUG] cheese - null
[2020-01-19T16:18:49.517] [DEBUG] cheese - null
[2020-01-19T16:28:16.679] [DEBUG] cheese - login => username:admin,password:123456
[2020-01-19T16:28:16.679] [DEBUG] cheese - admin
[2020-01-19T16:28:16.681] [DEBUG] cheese - null
[2020-01-19T16:28:16.681] [DEBUG] cheese - null
[2020-01-19T16:56:02.532] [DEBUG] cheese - login => username:admin,password:123456
[2020-01-19T16:56:02.533] [DEBUG] cheese - admin
[2020-01-19T16:56:02.536] [DEBUG] cheese - null
[2020-01-19T16:56:02.536] [DEBUG] cheese - null
[2020-01-19T17:21:38.815] [DEBUG] cheese - login => username:admin,password:123456
[2020-01-19T17:21:38.815] [DEBUG] cheese - admin
[2020-01-19T17:21:38.817] [DEBUG] cheese - null
[2020-01-19T17:21:38.817] [DEBUG] cheese - null
[2020-01-19T17:23:50.368] [DEBUG] cheese - login => username:admin,password:123456
[2020-01-19T17:23:50.369] [DEBUG] cheese - admin
[2020-01-19T17:23:50.371] [DEBUG] cheese - null
[2020-01-19T17:23:50.371] [DEBUG] cheese - null
[2020-01-19T17:24:24.053] [DEBUG] cheese - login => username:admin,password:123456
[2020-01-19T17:24:24.053] [DEBUG] cheese - admin
[2020-01-19T17:24:24.055] [DEBUG] cheese - null
[2020-01-19T17:24:24.055] [DEBUG] cheese - null
[2020-01-19T17:28:18.312] [DEBUG] cheese - login => username:admin,password:123456
[2020-01-19T17:28:18.312] [DEBUG] cheese - admin
[2020-01-19T17:28:18.315] [DEBUG] cheese - null
[2020-01-19T17:28:18.315] [DEBUG] cheese - null
[2020-01-19T17:44:37.466] [DEBUG] cheese - login => username:admin,password:123456
[2020-01-19T17:44:37.466] [DEBUG] cheese - admin
[2020-01-19T17:44:37.469] [DEBUG] cheese - null
[2020-01-19T17:44:37.469] [DEBUG] cheese - null
[2020-01-19T17:46:20.424] [DEBUG] cheese - login => username:admin,password:123456
[2020-01-19T17:46:20.424] [DEBUG] cheese - admin
[2020-01-19T17:46:20.428] [DEBUG] cheese - null
[2020-01-19T17:46:20.428] [DEBUG] cheese - null
[2020-01-19T21:53:47.644] [DEBUG] cheese - login => username:admin,password:123456
[2020-01-19T21:53:47.644] [DEBUG] cheese - admin
[2020-01-19T21:53:47.647] [DEBUG] cheese - null
[2020-01-19T21:53:47.647] [DEBUG] cheese - null
[2020-01-19T22:21:52.998] [DEBUG] cheese - login => username:admin,password:123456
[2020-01-19T22:21:52.998] [DEBUG] cheese - admin
[2020-01-19T22:21:53.001] [DEBUG] cheese - null
[2020-01-19T22:21:53.001] [DEBUG] cheese - null
[2020-01-19T23:08:34.335] [DEBUG] cheese - login => username:admin,password:123456
[2020-01-19T23:08:34.335] [DEBUG] cheese - admin
[2020-01-19T23:08:34.337] [DEBUG] cheese - null
[2020-01-19T23:08:34.337] [DEBUG] cheese - null
[2020-01-20T16:15:37.043] [DEBUG] cheese - login => username:admin,password:123456
[2020-01-20T16:15:37.045] [DEBUG] cheese - admin
[2020-01-20T16:15:37.055] [DEBUG] cheese - null
[2020-01-20T16:15:37.056] [DEBUG] cheese - null
[2020-01-20T16:40:51.810] [DEBUG] cheese - login => username:admin,password:123456
[2020-01-20T16:40:51.810] [DEBUG] cheese - admin
[2020-01-20T16:40:51.814] [DEBUG] cheese - null
[2020-01-20T16:40:51.814] [DEBUG] cheese - null
[2020-01-20T23:36:37.377] [DEBUG] cheese - login => username:admin,password:123456
[2020-01-20T23:36:37.378] [DEBUG] cheese - admin
[2020-01-20T23:36:37.380] [DEBUG] cheese - null
[2020-01-20T23:36:37.380] [DEBUG] cheese - null
[2020-01-21T15:57:20.945] [DEBUG] cheese - null
[2020-01-21T23:03:47.319] [DEBUG] cheese - login => username:admin,password:123456
[2020-01-21T23:03:47.320] [DEBUG] cheese - admin
[2020-01-21T23:03:47.323] [DEBUG] cheese - null
[2020-01-21T23:03:47.323] [DEBUG] cheese - null
[2020-01-23T20:44:20.582] [DEBUG] cheese - login => username:admin,password:123456
[2020-01-23T20:44:20.585] [DEBUG] cheese - admin
[2020-01-23T20:44:20.604] [DEBUG] cheese - null
[2020-01-23T20:44:20.605] [DEBUG] cheese - null
[2020-01-25T12:07:27.757] [DEBUG] cheese - login => username:admin,password:123456
[2020-01-25T12:07:27.758] [DEBUG] cheese - admin
[2020-01-25T12:07:27.868] [DEBUG] cheese - null
[2020-01-25T12:07:27.868] [DEBUG] cheese - null
[2020-01-25T17:55:09.328] [DEBUG] cheese - login => username:admin,password:123456
[2020-01-25T17:55:09.328] [DEBUG] cheese - admin
[2020-01-25T17:55:09.330] [DEBUG] cheese - null
[2020-01-25T17:55:09.330] [DEBUG] cheese - null
[2020-01-25T17:56:06.587] [DEBUG] cheese - login => username:admi,password:123456
[2020-01-25T17:56:06.588] [DEBUG] cheese - admi
[2020-01-25T17:56:06.589] [DEBUG] cheese - null
[2020-01-25T17:56:06.589] [DEBUG] cheese - null
[2020-01-25T17:56:10.552] [DEBUG] cheese - login => username:admin,password:123456
[2020-01-25T17:56:10.552] [DEBUG] cheese - admin
[2020-01-25T17:56:10.555] [DEBUG] cheese - null
[2020-01-25T17:56:10.555] [DEBUG] cheese - null
[2020-01-25T17:56:25.692] [DEBUG] cheese - login => username:linken,password:123456
[2020-01-25T17:56:25.692] [DEBUG] cheese - linken
[2020-01-25T17:56:25.695] [DEBUG] cheese - null
[2020-01-25T17:56:25.695] [DEBUG] cheese - null
[2020-01-25T17:56:33.086] [DEBUG] cheese - login => username:admin,password:123456
[2020-01-25T17:56:33.086] [DEBUG] cheese - admin
[2020-01-25T17:56:33.089] [DEBUG] cheese - null
[2020-01-25T17:56:33.089] [DEBUG] cheese - null
[2020-01-25T18:01:11.807] [DEBUG] cheese - login => username:auth,password:123456
[2020-01-25T18:01:11.807] [DEBUG] cheese - auth
[2020-01-25T18:01:11.809] [DEBUG] cheese - null
[2020-01-25T18:01:11.809] [DEBUG] cheese - null
[2020-01-25T18:01:21.331] [DEBUG] cheese - login => username:auth,password:123456
[2020-01-25T18:01:21.331] [DEBUG] cheese - auth
[2020-01-25T18:01:21.333] [DEBUG] cheese - null
[2020-01-25T18:01:21.333] [DEBUG] cheese - null
[2020-01-25T18:01:22.594] [DEBUG] cheese - login => username:admin,password:123456
[2020-01-25T18:01:22.594] [DEBUG] cheese - admin
[2020-01-25T18:01:22.596] [DEBUG] cheese - null
[2020-01-25T18:01:22.596] [DEBUG] cheese - null
[2020-01-25T18:01:46.719] [DEBUG] cheese - login => username:auth,password:123456
[2020-01-25T18:01:46.719] [DEBUG] cheese - auth
[2020-01-25T18:01:46.720] [DEBUG] cheese - null
[2020-01-25T18:01:46.720] [DEBUG] cheese - null
[2020-01-25T18:01:49.042] [DEBUG] cheese - null
[2020-01-25T18:01:49.045] [DEBUG] cheese - null
[2020-01-25T18:01:52.237] [DEBUG] cheese - null
[2020-01-25T18:01:52.238] [DEBUG] cheese - null
[2020-01-25T18:01:53.421] [DEBUG] cheese - null
[2020-01-25T18:01:53.424] [DEBUG] cheese - null
[2020-01-25T18:01:59.201] [DEBUG] cheese - login => username:admin,password:123456
[2020-01-25T18:01:59.201] [DEBUG] cheese - admin
[2020-01-25T18:01:59.202] [DEBUG] cheese - null
[2020-01-25T18:01:59.202] [DEBUG] cheese - null
[2020-01-26T13:07:24.764] [DEBUG] cheese - login => username:admin,password:123456
[2020-01-26T13:07:24.764] [DEBUG] cheese - admin
[2020-01-26T13:07:24.767] [DEBUG] cheese - null
[2020-01-26T13:07:24.767] [DEBUG] cheese - null
[2020-01-26T16:04:29.486] [DEBUG] cheese - login => username:admin,password:123456
[2020-01-26T16:04:29.486] [DEBUG] cheese - admin
[2020-01-26T16:04:29.592] [DEBUG] cheese - null
[2020-01-26T16:04:29.592] [DEBUG] cheese - null
[2020-01-26T17:42:27.771] [DEBUG] cheese - login => username:orders,password:123456
[2020-01-26T17:42:27.772] [DEBUG] cheese - orders
[2020-01-26T17:42:27.776] [DEBUG] cheese - null
[2020-01-26T17:42:27.776] [DEBUG] cheese - null
[2020-01-26T17:42:37.026] [DEBUG] cheese - login => username:admin,password:123456
[2020-01-26T17:42:37.026] [DEBUG] cheese - admin
[2020-01-26T17:42:37.031] [DEBUG] cheese - null
[2020-01-26T17:42:37.031] [DEBUG] cheese - null
[2020-01-26T17:42:51.967] [DEBUG] cheese - login => username:good,password:123456
[2020-01-26T17:42:51.967] [DEBUG] cheese - good
[2020-01-26T17:42:51.968] [DEBUG] cheese - null
[2020-01-26T17:42:51.969] [DEBUG] cheese - null
[2020-01-26T17:42:57.198] [DEBUG] cheese - login => username:good,password:123456
[2020-01-26T17:42:57.198] [DEBUG] cheese - good
[2020-01-26T17:42:57.202] [DEBUG] cheese - null
[2020-01-26T17:42:57.202] [DEBUG] cheese - null
[2020-01-26T17:43:03.117] [DEBUG] cheese - login => username:admin,password:123456
[2020-01-26T17:43:03.117] [DEBUG] cheese - admin
[2020-01-26T17:43:03.121] [DEBUG] cheese - null
[2020-01-26T17:43:03.121] [DEBUG] cheese - null
[2020-01-26T17:59:57.263] [DEBUG] cheese - login => username:linken,password:123456
[2020-01-26T17:59:57.263] [DEBUG] cheese - linken
[2020-01-26T17:59:57.266] [DEBUG] cheese - null
[2020-01-26T17:59:57.266] [DEBUG] cheese - null
[2020-01-26T17:59:59.567] [DEBUG] cheese - null
[2020-01-26T17:59:59.571] [DEBUG] cheese - null
[2020-01-26T18:00:00.669] [DEBUG] cheese - null
[2020-01-26T18:00:00.673] [DEBUG] cheese - null
[2020-01-26T18:00:01.722] [DEBUG] cheese - null
[2020-01-26T18:00:01.725] [DEBUG] cheese - null
[2020-01-26T18:00:12.566] [DEBUG] cheese - null
[2020-01-26T18:00:12.571] [DEBUG] cheese - null
[2020-01-26T18:00:13.701] [DEBUG] cheese - null
[2020-01-26T18:00:13.705] [DEBUG] cheese - null
[2020-01-26T18:00:20.653] [DEBUG] cheese - login => username:admin,password:123456
[2020-01-26T18:00:20.653] [DEBUG] cheese - admin
[2020-01-26T18:00:20.657] [DEBUG] cheese - null
[2020-01-26T18:00:20.657] [DEBUG] cheese - null
[2020-01-26T18:01:02.169] [DEBUG] cheese - login => username:admin,password:123456
[2020-01-26T18:01:02.169] [DEBUG] cheese - admin
[2020-01-26T18:01:02.174] [DEBUG] cheese - null
[2020-01-26T18:01:02.174] [DEBUG] cheese - null
[2020-01-26T18:01:11.646] [DEBUG] cheese - login => username:orders,password:123456
[2020-01-26T18:01:11.646] [DEBUG] cheese - orders
[2020-01-26T18:01:11.650] [DEBUG] cheese - null
[2020-01-26T18:01:11.650] [DEBUG] cheese - null
[2020-01-26T18:01:12.416] [DEBUG] cheese - login => username:orders,password:123456
[2020-01-26T18:01:12.416] [DEBUG] cheese - orders
[2020-01-26T18:01:12.421] [DEBUG] cheese - null
[2020-01-26T18:01:12.421] [DEBUG] cheese - null
[2020-01-26T18:01:12.616] [DEBUG] cheese - login => username:orders,password:123456
[2020-01-26T18:01:12.617] [DEBUG] cheese - orders
[2020-01-26T18:01:12.620] [DEBUG] cheese - null
[2020-01-26T18:01:12.621] [DEBUG] cheese - null
[2020-01-26T18:01:15.327] [DEBUG] cheese - login => username:admin,password:123456
[2020-01-26T18:01:15.327] [DEBUG] cheese - admin
[2020-01-26T18:01:15.331] [DEBUG] cheese - null
[2020-01-26T18:01:15.331] [DEBUG] cheese - null
[2020-01-26T22:01:29.107] [DEBUG] cheese - login => username:admin,password:123456
[2020-01-26T22:01:29.107] [DEBUG] cheese - admin
[2020-01-26T22:01:29.113] [DEBUG] cheese - null
[2020-01-26T22:01:29.113] [DEBUG] cheese - null
[2020-01-28T09:54:49.669] [DEBUG] cheese - login => username:admin,password:123456
[2020-01-28T09:54:49.671] [DEBUG] cheese - admin
[2020-01-28T09:54:49.689] [DEBUG] cheese - null
[2020-01-28T09:54:49.690] [DEBUG] cheese - null
[2020-01-28T09:59:40.428] [DEBUG] cheese - login => username:admin,password:123456
[2020-01-28T09:59:40.428] [DEBUG] cheese - admin
[2020-01-28T09:59:40.431] [DEBUG] cheese - null
[2020-01-28T09:59:40.431] [DEBUG] cheese - null
[2020-01-28T12:56:54.555] [DEBUG] cheese - login => username:admin,password:123456
[2020-01-28T12:56:54.555] [DEBUG] cheese - admin
[2020-01-28T12:56:54.558] [DEBUG] cheese - null
[2020-01-28T12:56:54.558] [DEBUG] cheese - null
[2020-01-29T14:09:05.931] [DEBUG] cheese - login => username:admin,password:123456
[2020-01-29T14:09:05.931] [DEBUG] cheese - admin
[2020-01-29T14:09:05.987] [DEBUG] cheese - null
[2020-01-29T14:09:05.987] [DEBUG] cheese - null
[2020-01-30T13:06:03.979] [DEBUG] cheese - login => username:admin,password:123456
[2020-01-30T13:06:03.981] [DEBUG] cheese - admin
[2020-01-30T13:06:03.998] [DEBUG] cheese - null
[2020-01-30T13:06:03.999] [DEBUG] cheese - null
[2020-01-31T15:04:41.057] [DEBUG] cheese - login => username:admin,password:123456
[2020-01-31T15:04:41.059] [DEBUG] cheese - admin
[2020-01-31T15:04:41.091] [DEBUG] cheese - null
[2020-01-31T15:04:41.091] [DEBUG] cheese - null
[2020-01-31T15:16:39.226] [DEBUG] cheese - login => username:admin,password:123456
[2020-01-31T15:16:39.226] [DEBUG] cheese - admin
[2020-01-31T15:16:39.230] [DEBUG] cheese - null
[2020-01-31T15:16:39.230] [DEBUG] cheese - null
[2020-01-31T15:16:57.411] [DEBUG] cheese - login => username:admin,password:123456
[2020-01-31T15:16:57.412] [DEBUG] cheese - admin
[2020-01-31T15:16:57.416] [DEBUG] cheese - null
[2020-01-31T15:16:57.416] [DEBUG] cheese - null
[2020-01-31T16:45:49.514] [DEBUG] cheese - null
[2020-02-01T15:19:52.934] [DEBUG] cheese - login => username:admin,password:123456
[2020-02-01T15:19:52.934] [DEBUG] cheese - admin
[2020-02-01T15:19:52.943] [DEBUG] cheese - null
[2020-02-01T15:19:52.943] [DEBUG] cheese - null
[2020-02-02T10:55:43.884] [DEBUG] cheese - login => username:admin,password:123456
[2020-02-02T10:55:43.884] [DEBUG] cheese - admin
[2020-02-02T10:55:43.887] [DEBUG] cheese - null
[2020-02-02T10:55:43.887] [DEBUG] cheese - null
[2020-02-02T12:23:43.455] [DEBUG] cheese - login => username:admin,password:123456
[2020-02-02T12:23:43.458] [DEBUG] cheese - admin
[2020-02-02T12:23:43.478] [DEBUG] cheese - null
[2020-02-02T12:23:43.478] [DEBUG] cheese - null
[2020-02-02T12:25:57.106] [DEBUG] cheese - login => username:admin,password:123456
[2020-02-02T12:25:57.106] [DEBUG] cheese - admin
[2020-02-02T12:25:57.112] [DEBUG] cheese - null
[2020-02-02T12:25:57.112] [DEBUG] cheese - null
[2020-02-02T12:27:41.624] [DEBUG] cheese - login => username:admin,password:123456
[2020-02-02T12:27:41.624] [DEBUG] cheese - admin
[2020-02-02T12:27:41.630] [DEBUG] cheese - null
[2020-02-02T12:27:41.630] [DEBUG] cheese - null
[2020-02-02T12:28:10.566] [DEBUG] cheese - login => username:admin5,password:123456
[2020-02-02T12:28:10.566] [DEBUG] cheese - admin5
[2020-02-02T12:28:10.570] [DEBUG] cheese - null
[2020-02-02T12:28:10.571] [DEBUG] cheese - null
[2020-02-02T12:28:31.941] [DEBUG] cheese - login => username:admin,password:123456
[2020-02-02T12:28:31.941] [DEBUG] cheese - admin
[2020-02-02T12:28:31.946] [DEBUG] cheese - null
[2020-02-02T12:28:31.946] [DEBUG] cheese - null
[2020-02-02T12:40:46.618] [DEBUG] cheese - login => username:admin,password:123456
[2020-02-02T12:40:46.619] [DEBUG] cheese - admin
[2020-02-02T12:40:46.622] [DEBUG] cheese - null
[2020-02-02T12:40:46.622] [DEBUG] cheese - null
[2020-02-02T12:47:25.040] [DEBUG] cheese - login => username:admin,password:123456
[2020-02-02T12:47:25.040] [DEBUG] cheese - admin
[2020-02-02T12:47:25.043] [DEBUG] cheese - null
[2020-02-02T12:47:25.043] [DEBUG] cheese - null
[2020-02-02T12:59:06.747] [DEBUG] cheese - login => username:admin,password:123456
[2020-02-02T12:59:06.750] [DEBUG] cheese - admin
[2020-02-02T12:59:06.762] [DEBUG] cheese - null
[2020-02-02T12:59:06.762] [DEBUG] cheese - null
[2020-02-02T13:42:31.266] [DEBUG] cheese - login => username:admin,password:123456
[2020-02-02T13:42:31.266] [DEBUG] cheese - admin
[2020-02-02T13:42:31.272] [DEBUG] cheese - null
[2020-02-02T13:42:31.273] [DEBUG] cheese - null
[2020-02-02T13:42:52.236] [DEBUG] cheese - login => username:admin,password:123456
[2020-02-02T13:42:52.237] [DEBUG] cheese - admin
[2020-02-02T13:42:52.241] [DEBUG] cheese - null
[2020-02-02T13:42:52.241] [DEBUG] cheese - null
[2020-02-02T13:43:22.373] [DEBUG] cheese - login => username:admin,password:123456
[2020-02-02T13:43:22.373] [DEBUG] cheese - admin
[2020-02-02T13:43:22.381] [DEBUG] cheese - null
[2020-02-02T13:43:22.382] [DEBUG] cheese - null
[2020-02-02T13:57:57.669] [DEBUG] cheese - login => username:admin,password:123456
[2020-02-02T13:57:57.669] [DEBUG] cheese - admin
[2020-02-02T13:57:57.675] [DEBUG] cheese - null
[2020-02-02T13:57:57.675] [DEBUG] cheese - null
[2020-02-02T14:01:00.834] [DEBUG] cheese - login => username:admin,password:123456
[2020-02-02T14:01:00.836] [DEBUG] cheese - admin
[2020-02-02T14:01:00.875] [DEBUG] cheese - null
[2020-02-02T14:01:00.876] [DEBUG] cheese - null
[2020-02-02T14:28:33.260] [DEBUG] cheese - login => username:admin,password:123456
[2020-02-02T14:28:33.260] [DEBUG] cheese - admin
[2020-02-02T14:28:33.263] [DEBUG] cheese - null
[2020-02-02T14:28:33.263] [DEBUG] cheese - null
[2020-02-02T14:35:49.467] [DEBUG] cheese - login => username:admin,password:123456
[2020-02-02T14:35:49.467] [DEBUG] cheese - admin
[2020-02-02T14:35:49.470] [DEBUG] cheese - null
[2020-02-02T14:35:49.470] [DEBUG] cheese - null
[2020-02-02T15:29:21.354] [DEBUG] cheese - login => username:admin,password:123456
[2020-02-02T15:29:21.354] [DEBUG] cheese - admin
[2020-02-02T15:29:21.363] [DEBUG] cheese - null
[2020-02-02T15:29:21.363] [DEBUG] cheese - null
[2020-02-02T15:34:42.350] [DEBUG] cheese - login => username:admin,password:123456
[2020-02-02T15:34:42.350] [DEBUG] cheese - admin
[2020-02-02T15:34:42.352] [DEBUG] cheese - null
[2020-02-02T15:34:42.353] [DEBUG] cheese - null
[2020-02-02T16:01:32.433] [DEBUG] cheese - login => username:admin,password:123456
[2020-02-02T16:01:32.433] [DEBUG] cheese - admin
[2020-02-02T16:01:32.435] [DEBUG] cheese - null
[2020-02-02T16:01:32.435] [DEBUG] cheese - null
[2020-02-02T16:11:20.413] [DEBUG] cheese - login => username:admin,password:123456
[2020-02-02T16:11:20.413] [DEBUG] cheese - admin
[2020-02-02T16:11:20.414] [DEBUG] cheese - null
[2020-02-02T16:11:20.414] [DEBUG] cheese - null
[2020-02-05T13:54:07.684] [DEBUG] cheese - login => username:admin,password:123456
[2020-02-05T13:54:07.685] [DEBUG] cheese - admin
[2020-02-05T13:54:07.719] [DEBUG] cheese - null
[2020-02-05T13:54:07.719] [DEBUG] cheese - null
[2020-02-14T17:01:46.873] [DEBUG] cheese - login => username:admin,password:123456
[2020-02-14T17:01:46.876] [DEBUG] cheese - admin
[2020-02-14T17:01:46.900] [DEBUG] cheese - null
[2020-02-14T17:01:46.901] [DEBUG] cheese - null
[2020-02-14T17:50:21.591] [DEBUG] cheese - login => username:admin,password:123456
[2020-02-14T17:50:21.594] [DEBUG] cheese - admin
[2020-02-14T17:50:21.604] [DEBUG] cheese - null
[2020-02-14T17:50:21.604] [DEBUG] cheese - null
[2020-02-14T17:51:46.243] [DEBUG] cheese - login => username:report,password:123456
[2020-02-14T17:51:46.244] [DEBUG] cheese - report
[2020-02-14T17:51:46.247] [DEBUG] cheese - null
[2020-02-14T17:51:46.247] [DEBUG] cheese - null
[2020-02-14T17:51:51.927] [DEBUG] cheese - login => username:admin,password:123456
[2020-02-14T17:51:51.928] [DEBUG] cheese - admin
[2020-02-14T17:51:51.930] [DEBUG] cheese - null
[2020-02-14T17:51:51.930] [DEBUG] cheese - null
[2020-02-14T17:53:05.427] [DEBUG] cheese - login => username:author,password:123456
[2020-02-14T17:53:05.427] [DEBUG] cheese - author
[2020-02-14T17:53:05.429] [DEBUG] cheese - null
[2020-02-14T17:53:05.429] [DEBUG] cheese - null
[2020-02-14T17:53:07.947] [DEBUG] cheese - null
[2020-02-14T17:53:07.949] [DEBUG] cheese - null
[2020-02-14T17:53:13.294] [DEBUG] cheese - null
[2020-02-14T17:53:13.296] [DEBUG] cheese - null
[2020-02-14T17:53:14.599] [DEBUG] cheese - null
[2020-02-14T17:53:14.601] [DEBUG] cheese - null
[2020-02-14T17:53:23.043] [DEBUG] cheese - login => username:admin,password:123456
[2020-02-14T17:53:23.043] [DEBUG] cheese - admin
[2020-02-14T17:53:23.045] [DEBUG] cheese - null
[2020-02-14T17:53:23.045] [DEBUG] cheese - null
[2020-02-15T13:35:26.258] [DEBUG] cheese - login => username:admin,password:123456
[2020-02-15T13:35:26.259] [DEBUG] cheese - admin
[2020-02-15T13:35:26.261] [DEBUG] cheese - null
[2020-02-15T13:35:26.261] [DEBUG] cheese - null
[2020-02-16T12:38:14.875] [DEBUG] cheese - login => username:admin,password:123456
[2020-02-16T12:38:14.875] [DEBUG] cheese - admin
[2020-02-16T12:38:14.885] [DEBUG] cheese - null
[2020-02-16T12:38:14.885] [DEBUG] cheese - null
[2020-02-19T12:23:52.880] [DEBUG] cheese - login => username:admin,password:123456
[2020-02-19T12:23:52.880] [DEBUG] cheese - admin
[2020-02-19T12:23:52.886] [DEBUG] cheese - null
[2020-02-19T12:23:52.887] [DEBUG] cheese - null
[2020-02-19T12:26:17.173] [DEBUG] cheese - login => username:admin,password:123456
[2020-02-19T12:26:17.173] [DEBUG] cheese - admin
[2020-02-19T12:26:17.176] [DEBUG] cheese - null
[2020-02-19T12:26:17.176] [DEBUG] cheese - null
[2020-02-19T12:27:14.420] [DEBUG] cheese - login => username:admin,password:123456
[2020-02-19T12:27:14.420] [DEBUG] cheese - admin
[2020-02-19T12:27:14.422] [DEBUG] cheese - null
[2020-02-19T12:27:14.423] [DEBUG] cheese - null
[2020-02-25T03:10:46.626] [DEBUG] cheese - login => username:admin,password:123456
[2020-02-25T03:10:46.629] [DEBUG] cheese - admin
[2020-02-25T03:10:46.663] [DEBUG] cheese - null
[2020-02-25T03:10:46.663] [DEBUG] cheese - null
[2020-02-25T03:12:31.943] [DEBUG] cheese - login => username:goods,password:123456
[2020-02-25T03:12:31.943] [DEBUG] cheese - goods
[2020-02-25T03:12:31.945] [DEBUG] cheese - null
[2020-02-25T03:12:31.945] [DEBUG] cheese - null
[2020-02-25T03:12:34.412] [DEBUG] cheese - login => username:admin,password:123456
[2020-02-25T03:12:34.412] [DEBUG] cheese - admin
[2020-02-25T03:12:34.415] [DEBUG] cheese - null
[2020-02-25T03:12:34.415] [DEBUG] cheese - null
[2020-02-25T03:12:53.832] [DEBUG] cheese - login => username:good,password:123456
[2020-02-25T03:12:53.832] [DEBUG] cheese - good
[2020-02-25T03:12:53.835] [DEBUG] cheese - null
[2020-02-25T03:12:53.835] [DEBUG] cheese - null
[2020-02-25T03:13:04.899] [DEBUG] cheese - login => username:goods,password:123456
[2020-02-25T03:13:04.899] [DEBUG] cheese - goods
[2020-02-25T03:13:04.901] [DEBUG] cheese - null
[2020-02-25T03:13:04.901] [DEBUG] cheese - null
[2020-02-25T03:13:08.296] [DEBUG] cheese - null
[2020-02-25T03:13:08.298] [DEBUG] cheese - null
[2020-02-25T03:13:24.035] [DEBUG] cheese - null
[2020-02-25T03:13:24.038] [DEBUG] cheese - null
[2020-02-25T03:13:28.201] [DEBUG] cheese - null
[2020-02-25T03:13:28.203] [DEBUG] cheese - null
[2020-02-25T03:13:51.407] [DEBUG] cheese - null
[2020-02-25T03:13:51.410] [DEBUG] cheese - null
[2020-02-25T03:13:56.478] [DEBUG] cheese - null
[2020-02-25T03:13:56.480] [DEBUG] cheese - null
[2020-02-25T03:13:59.727] [DEBUG] cheese - null
[2020-02-25T03:13:59.729] [DEBUG] cheese - null
[2020-02-25T03:14:04.221] [DEBUG] cheese - null
[2020-02-25T03:14:04.224] [DEBUG] cheese - null
[2020-02-25T03:14:04.272] [DEBUG] cheese - null
[2020-02-25T03:14:04.273] [DEBUG] cheese - null
[2020-02-25T03:14:12.593] [DEBUG] cheese - login => username:goods,password:123456
[2020-02-25T03:14:12.593] [DEBUG] cheese - goods
[2020-02-25T03:14:12.596] [DEBUG] cheese - null
[2020-02-25T03:14:12.596] [DEBUG] cheese - null
[2020-02-25T03:14:15.186] [DEBUG] cheese - null
[2020-02-25T03:14:15.188] [DEBUG] cheese - null
[2020-02-25T03:14:16.064] [DEBUG] cheese - null
[2020-02-25T03:14:16.065] [DEBUG] cheese - null
[2020-02-25T03:14:17.239] [DEBUG] cheese - null
[2020-02-25T03:14:17.241] [DEBUG] cheese - null
[2020-02-25T03:14:23.251] [DEBUG] cheese - login => username:admin,password:123456
[2020-02-25T03:14:23.251] [DEBUG] cheese - admin
[2020-02-25T03:14:23.253] [DEBUG] cheese - null
[2020-02-25T03:14:23.253] [DEBUG] cheese - null
[2020-02-25T03:16:13.919] [DEBUG] cheese - login => username:goods,password:123456
[2020-02-25T03:16:13.919] [DEBUG] cheese - goods
[2020-02-25T03:16:13.920] [DEBUG] cheese - null
[2020-02-25T03:16:13.921] [DEBUG] cheese - null
[2020-02-25T03:16:17.235] [DEBUG] cheese - null
[2020-02-25T03:16:17.236] [DEBUG] cheese - null
[2020-02-25T03:16:20.234] [DEBUG] cheese - null
[2020-02-25T03:16:20.239] [DEBUG] cheese - null
[2020-02-25T03:16:21.420] [DEBUG] cheese - null
[2020-02-25T03:16:21.427] [DEBUG] cheese - null
[2020-02-25T03:16:28.501] [DEBUG] cheese - login => username:admin,password:123456
[2020-02-25T03:16:28.502] [DEBUG] cheese - admin
[2020-02-25T03:16:28.513] [DEBUG] cheese - null
[2020-02-25T03:16:28.513] [DEBUG] cheese - null
[2020-02-25T03:23:35.712] [DEBUG] cheese - login => username:admin,password:123456
[2020-02-25T03:23:35.712] [DEBUG] cheese - admin
[2020-02-25T03:23:35.715] [DEBUG] cheese - null
[2020-02-25T03:23:35.715] [DEBUG] cheese - null
[2020-02-25T03:25:38.822] [DEBUG] cheese - null
[2020-02-25T03:26:05.449] [DEBUG] cheese - login => username:linken,password:123456
[2020-02-25T03:26:05.450] [DEBUG] cheese - linken
[2020-02-25T03:26:05.451] [DEBUG] cheese - null
[2020-02-25T03:26:05.451] [DEBUG] cheese - null
[2020-02-25T03:26:07.914] [DEBUG] cheese - null
[2020-02-25T03:26:12.458] [DEBUG] cheese - null
[2020-02-25T03:26:18.375] [DEBUG] cheese - null
[2020-02-25T03:26:18.377] [DEBUG] cheese - null
[2020-02-25T03:26:21.334] [DEBUG] cheese - null
[2020-02-25T03:26:21.335] [DEBUG] cheese - null
[2020-02-25T03:26:22.151] [DEBUG] cheese - null
[2020-02-25T03:26:22.153] [DEBUG] cheese - null
[2020-02-25T03:26:22.799] [DEBUG] cheese - null
[2020-02-25T03:26:22.801] [DEBUG] cheese - null
[2020-02-25T03:26:25.970] [DEBUG] cheese - login => username:admin,password:123456
[2020-02-25T03:26:25.970] [DEBUG] cheese - admin
[2020-02-25T03:26:25.972] [DEBUG] cheese - null
[2020-02-25T03:26:25.972] [DEBUG] cheese - null
[2020-02-25T03:44:58.658] [DEBUG] cheese - login => username:admin,password:123456
[2020-02-25T03:44:58.658] [DEBUG] cheese - admin
[2020-02-25T03:44:58.660] [DEBUG] cheese - null
[2020-02-25T03:44:58.660] [DEBUG] cheese - null
[2020-02-25T09:35:09.360] [DEBUG] cheese - login => username:admin,password:123456
[2020-02-25T09:35:09.360] [DEBUG] cheese - admin
[2020-02-25T09:35:09.361] [DEBUG] cheese - null
[2020-02-25T09:35:09.361] [DEBUG] cheese - null
[2020-02-25T09:35:20.332] [DEBUG] cheese - login => username:goods,password:123456
[2020-02-25T09:35:20.333] [DEBUG] cheese - goods
[2020-02-25T09:35:20.335] [DEBUG] cheese - null
[2020-02-25T09:35:20.335] [DEBUG] cheese - null
[2020-02-25T09:35:22.817] [DEBUG] cheese - null
[2020-02-25T09:35:22.819] [DEBUG] cheese - null
[2020-02-25T09:35:23.402] [DEBUG] cheese - null
[2020-02-25T09:35:23.404] [DEBUG] cheese - null
[2020-02-25T09:35:31.430] [DEBUG] cheese - login => username:author,password:123456
[2020-02-25T09:35:31.430] [DEBUG] cheese - author
[2020-02-25T09:35:31.432] [DEBUG] cheese - null
[2020-02-25T09:35:31.432] [DEBUG] cheese - null
[2020-02-25T09:35:33.625] [DEBUG] cheese - null
[2020-02-25T09:35:33.626] [DEBUG] cheese - null
[2020-02-25T09:35:34.109] [DEBUG] cheese - null
[2020-02-25T09:35:34.110] [DEBUG] cheese - null
[2020-02-25T09:36:07.230] [DEBUG] cheese - login => username:admin,password:123456
[2020-02-25T09:36:07.230] [DEBUG] cheese - admin
[2020-02-25T09:36:07.233] [DEBUG] cheese - null
[2020-02-25T09:36:07.233] [DEBUG] cheese - null
[2020-02-25T09:36:57.448] [DEBUG] cheese - login => username:test,password:123456
[2020-02-25T09:36:57.448] [DEBUG] cheese - test
[2020-02-25T09:36:57.450] [DEBUG] cheese - null
[2020-02-25T09:36:57.451] [DEBUG] cheese - null
[2020-02-25T09:36:59.390] [DEBUG] cheese - login => username:admin,password:123456
[2020-02-25T09:36:59.390] [DEBUG] cheese - admin
[2020-02-25T09:36:59.392] [DEBUG] cheese - null
[2020-02-25T09:36:59.392] [DEBUG] cheese - null
[2020-02-25T09:37:20.461] [DEBUG] cheese - login => username:test,password:123456
[2020-02-25T09:37:20.461] [DEBUG] cheese - test
[2020-02-25T09:37:20.463] [DEBUG] cheese - null
[2020-02-25T09:37:20.463] [DEBUG] cheese - null
[2020-02-25T09:37:22.733] [DEBUG] cheese - null
[2020-02-25T09:37:22.734] [DEBUG] cheese - null
[2020-02-25T09:37:26.423] [DEBUG] cheese - login => username:admin,password:123456
[2020-02-25T09:37:26.424] [DEBUG] cheese - admin
[2020-02-25T09:37:26.425] [DEBUG] cheese - null
[2020-02-25T09:37:26.425] [DEBUG] cheese - null
[2020-02-25T09:37:34.639] [DEBUG] cheese - null
[2020-02-25T09:37:38.764] [DEBUG] cheese - null
[2020-02-25T09:37:44.419] [DEBUG] cheese - login => username:test,password:123456
[2020-02-25T09:37:44.419] [DEBUG] cheese - test
[2020-02-25T09:37:44.422] [DEBUG] cheese - null
[2020-02-25T09:37:44.422] [DEBUG] cheese - null
[2020-02-25T09:52:10.526] [DEBUG] cheese - null
[2020-02-25T09:52:10.528] [DEBUG] cheese - null
[2020-02-25T09:52:11.905] [DEBUG] cheese - null
[2020-02-25T09:52:11.906] [DEBUG] cheese - null
[2020-02-25T09:52:13.187] [DEBUG] cheese - null
[2020-02-25T09:52:13.189] [DEBUG] cheese - null
[2020-02-25T09:52:15.056] [DEBUG] cheese - null
[2020-02-25T09:52:15.057] [DEBUG] cheese - null
[2020-02-25T09:52:25.023] [DEBUG] cheese - null
[2020-02-25T09:52:25.024] [DEBUG] cheese - null
[2020-02-25T09:52:26.311] [DEBUG] cheese - null
[2020-02-25T09:52:26.312] [DEBUG] cheese - null
[2020-03-08T23:33:06.424] [DEBUG] cheese - login => username:admin,password:123456
[2020-03-08T23:33:06.428] [DEBUG] cheese - admin
[2020-03-08T23:33:06.483] [DEBUG] cheese - null
[2020-03-08T23:33:06.484] [DEBUG] cheese - null
[2020-03-08T23:33:18.033] [DEBUG] cheese - login => username:admin,password:123456
[2020-03-08T23:33:18.033] [DEBUG] cheese - admin
[2020-03-08T23:33:18.039] [DEBUG] cheese - null
[2020-03-08T23:33:18.039] [DEBUG] cheese - null
[2020-05-10T14:25:31.868] [DEBUG] cheese - login => username:admin,password:123456
[2020-05-10T14:25:31.870] [DEBUG] cheese - admin
[2020-05-10T14:25:31.873] [DEBUG] cheese - null
[2020-05-10T14:25:31.874] [DEBUG] cheese - null
[2020-05-10T15:07:35.379] [DEBUG] cheese - login => username:admin,password:123456
[2020-05-10T15:07:35.380] [DEBUG] cheese - admin
[2020-05-10T15:07:35.383] [DEBUG] cheese - null
[2020-05-10T15:07:35.384] [DEBUG] cheese - null
[2020-05-10T19:03:52.723] [DEBUG] cheese - null
[2020-05-10T20:19:05.862] [DEBUG] cheese - null
[2020-05-10T20:19:08.042] [DEBUG] cheese - null
[2020-05-10T20:19:14.916] [DEBUG] cheese - null
[2020-05-10T20:20:50.707] [DEBUG] cheese - null
[2020-05-10T20:34:35.234] [DEBUG] cheese - null
[2020-05-10T21:08:59.662] [DEBUG] cheese - null
[2020-05-10T21:09:16.626] [DEBUG] cheese - null
[2020-05-10T21:15:11.631] [DEBUG] cheese - login => username:admin,password:123456
[2020-05-10T21:15:11.631] [DEBUG] cheese - admin
[2020-05-10T21:15:11.642] [DEBUG] cheese - null
[2020-05-10T21:15:11.642] [DEBUG] cheese - null
[2020-05-10T21:15:41.909] [DEBUG] cheese - null
[2020-05-10T21:18:11.022] [DEBUG] cheese - null
[2020-05-10T21:20:39.783] [DEBUG] cheese - null
[2020-05-10T21:20:45.997] [DEBUG] cheese - null
[2020-05-10T21:20:50.276] [DEBUG] cheese - null
[2020-05-10T21:21:09.950] [DEBUG] cheese - null
[2020-05-10T21:21:39.098] [DEBUG] cheese - null
[2020-05-10T21:21:57.069] [DEBUG] cheese - null
[2020-05-10T21:22:59.172] [DEBUG] cheese - null
[2020-05-10T21:23:19.060] [DEBUG] cheese - null
[2020-05-10T21:23:22.356] [DEBUG] cheese - null
[2020-05-10T21:24:14.849] [DEBUG] cheese - null
[2020-05-11T18:50:51.339] [DEBUG] cheese - login => username:admin,password:123456
[2020-05-11T18:50:51.341] [DEBUG] cheese - admin
[2020-05-11T18:50:51.399] [DEBUG] cheese - null
[2020-05-11T18:50:51.399] [DEBUG] cheese - null
[2020-05-11T19:11:07.509] [DEBUG] cheese - login => username:admin,password:123456
[2020-05-11T19:11:07.509] [DEBUG] cheese - admin
[2020-05-11T19:11:07.512] [DEBUG] cheese - null
[2020-05-11T19:11:07.513] [DEBUG] cheese - null
[2020-05-11T19:14:58.951] [DEBUG] cheese - login => username:admin,password:123456
[2020-05-11T19:14:58.951] [DEBUG] cheese - admin
[2020-05-11T19:14:58.955] [DEBUG] cheese - null
[2020-05-11T19:14:58.955] [DEBUG] cheese - null
[2020-05-11T19:15:12.212] [DEBUG] cheese - login => username:admin,password:123456
[2020-05-11T19:15:12.212] [DEBUG] cheese - admin
[2020-05-11T19:15:12.214] [DEBUG] cheese - null
[2020-05-11T19:15:12.214] [DEBUG] cheese - null
[2020-05-11T19:17:08.497] [DEBUG] cheese - null
[2021-01-06T18:29:42.465] [DEBUG] cheese - login => username:ruoruochen,password:123456
[2021-01-06T18:29:42.474] [DEBUG] cheese - ruoruochen
[2021-01-06T18:29:42.634] [DEBUG] cheese - null
[2021-01-06T18:29:42.635] [DEBUG] cheese - null
[2021-01-06T18:30:21.767] [DEBUG] cheese - login => username:admin,password:123456
[2021-01-06T18:30:21.767] [DEBUG] cheese - admin
[2021-01-06T18:30:21.780] [DEBUG] cheese - null
[2021-01-06T18:30:21.780] [DEBUG] cheese - null
[2021-01-06T19:46:28.934] [DEBUG] cheese - login => username:ruoruochen,password:123456
[2021-01-06T19:46:28.939] [DEBUG] cheese - ruoruochen
[2021-01-06T19:46:30.978] [DEBUG] cheese - { inspect: [Function: inspect] }
[2021-01-06T19:46:30.986] [DEBUG] cheese - 查询失败
[2021-01-06T19:47:50.600] [DEBUG] cheese - login => username:admin,password:123456
[2021-01-06T19:47:50.601] [DEBUG] cheese - admin
[2021-01-06T19:47:52.612] [DEBUG] cheese - { inspect: [Function: inspect] }
[2021-01-06T19:47:52.612] [DEBUG] cheese - 查询失败
[2021-01-06T19:52:43.565] [DEBUG] cheese - login => username:admin,password:123456
[2021-01-06T19:52:43.565] [DEBUG] cheese - admin
[2021-01-06T19:52:45.575] [DEBUG] cheese - { inspect: [Function: inspect] }
[2021-01-06T19:52:45.576] [DEBUG] cheese - 查询失败
[2021-01-06T19:53:16.942] [DEBUG] cheese - login => username:admin,password:123456
[2021-01-06T19:53:16.942] [DEBUG] cheese - admin
[2021-01-06T19:53:17.013] [DEBUG] cheese - null
[2021-01-06T19:53:17.013] [DEBUG] cheese - null
[2021-01-06T19:53:22.829] [DEBUG] cheese - login => username:admin,password:123456
[2021-01-06T19:53:22.830] [DEBUG] cheese - admin
[2021-01-06T19:53:24.349] [DEBUG] cheese - null
[2021-01-06T19:53:24.349] [DEBUG] cheese - null
[2021-01-06T19:53:30.831] [DEBUG] cheese - login => username:admin,password:123456
[2021-01-06T19:53:30.831] [DEBUG] cheese - admin
[2021-01-06T19:53:30.849] [DEBUG] cheese - null
[2021-01-06T19:53:30.849] [DEBUG] cheese - null
[2021-01-06T19:53:32.486] [DEBUG] cheese - login => username:admin,password:123456
[2021-01-06T19:53:32.487] [DEBUG] cheese - admin
[2021-01-06T19:53:32.490] [DEBUG] cheese - null
[2021-01-06T19:53:32.490] [DEBUG] cheese - null
[2021-01-06T19:54:07.343] [DEBUG] cheese - login => username:admin,password:123456
[2021-01-06T19:54:07.344] [DEBUG] cheese - admin
[2021-01-06T19:54:07.350] [DEBUG] cheese - null
[2021-01-06T19:54:07.350] [DEBUG] cheese - null
[2021-01-07T17:07:15.499] [DEBUG] cheese - login => username:111111,password:111111111111
[2021-01-07T17:07:15.500] [DEBUG] cheese - 111111
[2021-01-07T17:07:15.531] [DEBUG] cheese - null
[2021-01-07T17:07:15.532] [DEBUG] cheese - null
[2021-01-07T17:07:17.868] [DEBUG] cheese - login => username:111111,password:111111111111
[2021-01-07T17:07:17.868] [DEBUG] cheese - 111111
[2021-01-07T17:07:17.871] [DEBUG] cheese - null
[2021-01-07T17:07:17.871] [DEBUG] cheese - null
[2021-01-07T17:07:18.030] [DEBUG] cheese - login => username:111111,password:111111111111
[2021-01-07T17:07:18.030] [DEBUG] cheese - 111111
[2021-01-07T17:07:18.032] [DEBUG] cheese - null
[2021-01-07T17:07:18.032] [DEBUG] cheese - null
[2021-01-07T17:07:18.198] [DEBUG] cheese - login => username:111111,password:111111111111
[2021-01-07T17:07:18.198] [DEBUG] cheese - 111111
[2021-01-07T17:07:18.199] [DEBUG] cheese - null
[2021-01-07T17:07:18.199] [DEBUG] cheese - null
[2021-01-07T17:07:18.366] [DEBUG] cheese - login => username:111111,password:111111111111
[2021-01-07T17:07:18.366] [DEBUG] cheese - 111111
[2021-01-07T17:07:18.367] [DEBUG] cheese - null
[2021-01-07T17:07:18.367] [DEBUG] cheese - null
[2021-01-07T17:07:21.597] [DEBUG] cheese - login => username:111111,password:111111111111
[2021-01-07T17:07:21.597] [DEBUG] cheese - 111111
[2021-01-07T17:07:21.599] [DEBUG] cheese - null
[2021-01-07T17:07:21.600] [DEBUG] cheese - null
[2021-01-07T17:07:21.774] [DEBUG] cheese - login => username:111111,password:111111111111
[2021-01-07T17:07:21.774] [DEBUG] cheese - 111111
[2021-01-07T17:07:21.775] [DEBUG] cheese - null
[2021-01-07T17:07:21.775] [DEBUG] cheese - null
[2021-01-07T17:07:21.956] [DEBUG] cheese - login => username:111111,password:111111111111
[2021-01-07T17:07:21.956] [DEBUG] cheese - 111111
[2021-01-07T17:07:21.958] [DEBUG] cheese - null
[2021-01-07T17:07:21.958] [DEBUG] cheese - null
[2021-01-07T17:07:22.142] [DEBUG] cheese - login => username:111111,password:111111111111
[2021-01-07T17:07:22.142] [DEBUG] cheese - 111111
[2021-01-07T17:07:22.143] [DEBUG] cheese - null
[2021-01-07T17:07:22.144] [DEBUG] cheese - null
[2021-01-07T17:07:54.429] [DEBUG] cheese - login => username:1111111111,password:111111111
[2021-01-07T17:07:54.429] [DEBUG] cheese - 1111111111
[2021-01-07T17:07:54.431] [DEBUG] cheese - null
[2021-01-07T17:07:54.431] [DEBUG] cheese - null
[2021-01-07T17:07:58.029] [DEBUG] cheese - login => username:1111111111,password:11111111111111
[2021-01-07T17:07:58.029] [DEBUG] cheese - 1111111111
[2021-01-07T17:07:58.033] [DEBUG] cheese - null
[2021-01-07T17:07:58.033] [DEBUG] cheese - null
[2021-01-07T17:07:58.632] [DEBUG] cheese - login => username:1111111111,password:11111111111111
[2021-01-07T17:07:58.632] [DEBUG] cheese - 1111111111
[2021-01-07T17:07:58.634] [DEBUG] cheese - null
[2021-01-07T17:07:58.634] [DEBUG] cheese - null
[2021-01-07T17:07:58.809] [DEBUG] cheese - login => username:1111111111,password:11111111111111
[2021-01-07T17:07:58.809] [DEBUG] cheese - 1111111111
[2021-01-07T17:07:58.811] [DEBUG] cheese - null
[2021-01-07T17:07:58.812] [DEBUG] cheese - null
[2021-01-07T17:07:58.931] [DEBUG] cheese - login => username:1111111111,password:11111111111111
[2021-01-07T17:07:58.931] [DEBUG] cheese - 1111111111
[2021-01-07T17:07:58.934] [DEBUG] cheese - null
[2021-01-07T17:07:58.934] [DEBUG] cheese - null
[2021-01-07T17:08:50.753] [DEBUG] cheese - login => username:1111111,password:111111111
[2021-01-07T17:08:50.753] [DEBUG] cheese - 1111111
[2021-01-07T17:08:50.755] [DEBUG] cheese - null
[2021-01-07T17:08:50.755] [DEBUG] cheese - null
[2021-01-07T17:09:25.656] [DEBUG] cheese - login => username:admin,password:123456
[2021-01-07T17:09:25.657] [DEBUG] cheese - admin
[2021-01-07T17:09:25.662] [DEBUG] cheese - null
[2021-01-07T17:09:25.663] [DEBUG] cheese - null
[2021-01-07T17:13:11.731] [DEBUG] cheese - login => username:1111111,password:11111111
[2021-01-07T17:13:11.731] [DEBUG] cheese - 1111111
[2021-01-07T17:13:11.736] [DEBUG] cheese - null
[2021-01-07T17:13:11.736] [DEBUG] cheese - null
[2021-01-07T17:14:23.023] [DEBUG] cheese - login => username:11111111111,password:111111111
[2021-01-07T17:14:23.023] [DEBUG] cheese - 11111111111
[2021-01-07T17:14:23.026] [DEBUG] cheese - null
[2021-01-07T17:14:23.027] [DEBUG] cheese - null
[2021-01-07T17:16:22.389] [DEBUG] cheese - login => username:123555,password:111111
[2021-01-07T17:16:22.389] [DEBUG] cheese - 123555
[2021-01-07T17:16:22.393] [DEBUG] cheese - null
[2021-01-07T17:16:22.393] [DEBUG] cheese - null
[2021-01-07T17:16:29.587] [DEBUG] cheese - login => username:admin,password:123456
[2021-01-07T17:16:29.588] [DEBUG] cheese - admin
[2021-01-07T17:16:29.591] [DEBUG] cheese - null
[2021-01-07T17:16:29.592] [DEBUG] cheese - null
[2021-01-07T17:22:47.514] [DEBUG] cheese - login => username:123456,password:111111
[2021-01-07T17:22:47.514] [DEBUG] cheese - 123456
[2021-01-07T17:22:47.541] [DEBUG] cheese - null
[2021-01-07T17:22:47.541] [DEBUG] cheese - null
[2021-01-07T17:23:07.111] [DEBUG] cheese - login => username:111111,password:111111
[2021-01-07T17:23:07.111] [DEBUG] cheese - 111111
[2021-01-07T17:23:07.113] [DEBUG] cheese - null
[2021-01-07T17:23:07.114] [DEBUG] cheese - null
[2021-01-07T17:23:22.869] [DEBUG] cheese - login => username:admin,password:123456
[2021-01-07T17:23:22.869] [DEBUG] cheese - admin
[2021-01-07T17:23:22.872] [DEBUG] cheese - null
[2021-01-07T17:23:22.872] [DEBUG] cheese - null
[2021-01-07T17:23:50.930] [DEBUG] cheese - login => username:admin,password:123456
[2021-01-07T17:23:50.930] [DEBUG] cheese - admin
[2021-01-07T17:23:50.932] [DEBUG] cheese - null
[2021-01-07T17:23:50.932] [DEBUG] cheese - null
[2021-01-07T21:14:01.031] [DEBUG] cheese - login => username:111111,password:1111111
[2021-01-07T21:14:01.032] [DEBUG] cheese - 111111
[2021-01-07T21:14:01.130] [DEBUG] cheese - null
[2021-01-07T21:14:01.131] [DEBUG] cheese - null
[2021-01-07T21:14:06.940] [DEBUG] cheese - login => username:admin,password:123456
[2021-01-07T21:14:06.940] [DEBUG] cheese - admin
[2021-01-07T21:14:06.966] [DEBUG] cheese - null
[2021-01-07T21:14:06.966] [DEBUG] cheese - null
[2021-01-07T21:15:24.597] [DEBUG] cheese - login => username:admin,password:123456
[2021-01-07T21:15:24.597] [DEBUG] cheese - admin
[2021-01-07T21:15:24.599] [DEBUG] cheese - null
[2021-01-07T21:15:24.599] [DEBUG] cheese - null
[2021-01-07T21:20:11.042] [DEBUG] cheese - login => username:admin,password:123456
[2021-01-07T21:20:11.043] [DEBUG] cheese - admin
[2021-01-07T21:20:11.078] [DEBUG] cheese - null
[2021-01-07T21:20:11.078] [DEBUG] cheese - null
[2021-01-07T21:20:37.030] [DEBUG] cheese - login => username:admin,password:123456
[2021-01-07T21:20:37.030] [DEBUG] cheese - admin
[2021-01-07T21:20:37.035] [DEBUG] cheese - null
[2021-01-07T21:20:37.035] [DEBUG] cheese - null
[2021-01-07T21:21:05.530] [DEBUG] cheese - login => username:admin,password:123456
[2021-01-07T21:21:05.531] [DEBUG] cheese - admin
[2021-01-07T21:21:05.535] [DEBUG] cheese - null
[2021-01-07T21:21:05.535] [DEBUG] cheese - null
[2021-01-07T21:21:54.993] [DEBUG] cheese - login => username:admin,password:123456
[2021-01-07T21:21:54.993] [DEBUG] cheese - admin
[2021-01-07T21:21:54.995] [DEBUG] cheese - null
[2021-01-07T21:21:54.995] [DEBUG] cheese - null
[2021-01-07T21:23:04.012] [DEBUG] cheese - login => username:admin,password:123456
[2021-01-07T21:23:04.012] [DEBUG] cheese - admin
[2021-01-07T21:23:04.023] [DEBUG] cheese - null
[2021-01-07T21:23:04.023] [DEBUG] cheese - null
[2021-01-07T21:34:28.361] [DEBUG] cheese - login => username:admin,password:123456
[2021-01-07T21:34:28.361] [DEBUG] cheese - admin
[2021-01-07T21:34:28.377] [DEBUG] cheese - null
[2021-01-07T21:34:28.377] [DEBUG] cheese - null
[2021-01-07T21:34:35.196] [DEBUG] cheese - login => username:admin,password:123456
[2021-01-07T21:34:35.196] [DEBUG] cheese - admin
[2021-01-07T21:34:35.215] [DEBUG] cheese - null
[2021-01-07T21:34:35.215] [DEBUG] cheese - null
[2021-01-07T21:34:38.385] [DEBUG] cheese - login => username:admin,password:123456
[2021-01-07T21:34:38.385] [DEBUG] cheese - admin
[2021-01-07T21:34:38.388] [DEBUG] cheese - null
[2021-01-07T21:34:38.388] [DEBUG] cheese - null
[2021-01-07T21:37:35.074] [DEBUG] cheese - login => username:admin,password:123456
[2021-01-07T21:37:35.074] [DEBUG] cheese - admin
[2021-01-07T21:37:35.092] [DEBUG] cheese - null
[2021-01-07T21:37:35.092] [DEBUG] cheese - null
[2021-01-07T22:18:42.481] [DEBUG] cheese - login => username:admin,password:123456
[2021-01-07T22:18:42.483] [DEBUG] cheese - admin
[2021-01-07T22:18:42.558] [DEBUG] cheese - null
[2021-01-07T22:18:42.558] [DEBUG] cheese - null
[2021-01-08T16:28:26.684] [DEBUG] cheese - login => username:admin,password:123456
[2021-01-08T16:28:26.686] [DEBUG] cheese - admin
[2021-01-08T16:28:26.748] [DEBUG] cheese - null
[2021-01-08T16:28:26.748] [DEBUG] cheese - null
[2021-01-08T16:44:10.371] [DEBUG] cheese - login => username:admin,password:123456
[2021-01-08T16:44:10.371] [DEBUG] cheese - admin
[2021-01-08T16:44:10.404] [DEBUG] cheese - null
[2021-01-08T16:44:10.404] [DEBUG] cheese - null
[2021-01-08T16:45:50.500] [DEBUG] cheese - login => username:admin,password:123456
[2021-01-08T16:45:50.500] [DEBUG] cheese - admin
[2021-01-08T16:45:50.513] [DEBUG] cheese - null
[2021-01-08T16:45:50.513] [DEBUG] cheese - null
[2021-01-08T16:51:11.525] [DEBUG] cheese - login => username:admin,password:123456
[2021-01-08T16:51:11.526] [DEBUG] cheese - admin
[2021-01-08T16:51:11.532] [DEBUG] cheese - null
[2021-01-08T16:51:11.533] [DEBUG] cheese - null
[2021-01-08T16:52:37.798] [DEBUG] cheese - login => username:admin,password:123456
[2021-01-08T16:52:37.798] [DEBUG] cheese - admin
[2021-01-08T16:52:37.803] [DEBUG] cheese - null
[2021-01-08T16:52:37.803] [DEBUG] cheese - null
[2021-01-08T16:53:15.645] [DEBUG] cheese - login => username:admin,password:123456
[2021-01-08T16:53:15.645] [DEBUG] cheese - admin
[2021-01-08T16:53:15.648] [DEBUG] cheese - null
[2021-01-08T16:53:15.648] [DEBUG] cheese - null
[2021-01-08T16:53:20.175] [DEBUG] cheese - login => username:admin,password:123456
[2021-01-08T16:53:20.175] [DEBUG] cheese - admin
[2021-01-08T16:53:20.178] [DEBUG] cheese - null
[2021-01-08T16:53:20.178] [DEBUG] cheese - null
[2021-01-08T16:54:48.677] [DEBUG] cheese - login => username:admin,password:123456
[2021-01-08T16:54:48.677] [DEBUG] cheese - admin
[2021-01-08T16:54:48.682] [DEBUG] cheese - null
[2021-01-08T16:54:48.682] [DEBUG] cheese - null
[2021-01-08T16:56:43.244] [DEBUG] cheese - login => username:admin,password:123456
[2021-01-08T16:56:43.244] [DEBUG] cheese - admin
[2021-01-08T16:56:43.253] [DEBUG] cheese - null
[2021-01-08T16:56:43.254] [DEBUG] cheese - null
[2021-01-08T18:21:58.965] [DEBUG] cheese - login => username:admin,password:123456
[2021-01-08T18:21:58.967] [DEBUG] cheese - admin
[2021-01-08T18:21:58.974] [DEBUG] cheese - null
[2021-01-08T18:21:58.974] [DEBUG] cheese - null
[2021-01-08T18:28:10.146] [DEBUG] cheese - login => username:admin,password:123456
[2021-01-08T18:28:10.146] [DEBUG] cheese - admin
[2021-01-08T18:28:10.148] [DEBUG] cheese - null
[2021-01-08T18:28:10.148] [DEBUG] cheese - null
[2021-01-08T19:59:23.975] [DEBUG] cheese - login => username:admin,password:1234556
[2021-01-08T19:59:23.979] [DEBUG] cheese - admin
[2021-01-08T19:59:24.006] [DEBUG] cheese - null
[2021-01-08T19:59:24.007] [DEBUG] cheese - null
[2021-01-08T19:59:29.570] [DEBUG] cheese - login => username:admin,password:123456
[2021-01-08T19:59:29.571] [DEBUG] cheese - admin
[2021-01-08T19:59:29.575] [DEBUG] cheese - null
[2021-01-08T19:59:29.575] [DEBUG] cheese - null
[2021-01-08T20:00:04.426] [DEBUG] cheese - login => username:admin,password:123456
[2021-01-08T20:00:04.427] [DEBUG] cheese - admin
[2021-01-08T20:00:04.430] [DEBUG] cheese - null
[2021-01-08T20:00:04.431] [DEBUG] cheese - null
[2021-01-09T20:30:48.343] [DEBUG] cheese - login => username:admin,password:123456
[2021-01-09T20:30:48.345] [DEBUG] cheese - admin
[2021-01-09T20:30:48.389] [DEBUG] cheese - null
[2021-01-09T20:30:48.390] [DEBUG] cheese - null
[2021-01-09T21:09:53.752] [DEBUG] cheese - login => username:admin,password:123456
[2021-01-09T21:09:53.753] [DEBUG] cheese - admin
[2021-01-09T21:09:53.762] [DEBUG] cheese - null
[2021-01-09T21:09:53.762] [DEBUG] cheese - null
[2021-01-10T16:51:00.272] [DEBUG] cheese - login => username:admin,password:123456
[2021-01-10T16:51:00.274] [DEBUG] cheese - admin
[2021-01-10T16:51:00.310] [DEBUG] cheese - null
[2021-01-10T16:51:00.310] [DEBUG] cheese - null
[2021-01-10T19:26:41.666] [DEBUG] cheese - login => username:admin,password:123456
[2021-01-10T19:26:41.670] [DEBUG] cheese - admin
[2021-01-10T19:26:41.678] [DEBUG] cheese - null
[2021-01-10T19:26:41.678] [DEBUG] cheese - null
[2021-01-10T21:03:12.310] [DEBUG] cheese - null
[2021-01-10T21:04:48.886] [DEBUG] cheese - null
[2021-01-10T21:13:09.702] [DEBUG] cheese - null
[2021-01-10T21:24:29.142] [DEBUG] cheese - null
[2021-01-10T21:24:32.515] [DEBUG] cheese - null
[2021-01-12T16:48:46.030] [DEBUG] cheese - login => username:admin,password:123456
[2021-01-12T16:48:46.031] [DEBUG] cheese - admin
[2021-01-12T16:48:46.059] [DEBUG] cheese - null
[2021-01-12T16:48:46.060] [DEBUG] cheese - null
[2021-01-12T20:24:33.194] [DEBUG] cheese - login => username:admin,password:123456
[2021-01-12T20:24:33.200] [DEBUG] cheese - admin
[2021-01-12T20:24:33.206] [DEBUG] cheese - null
[2021-01-12T20:24:33.206] [DEBUG] cheese - null
[2021-01-12T20:57:36.681] [DEBUG] cheese - login => username:admin,password:123456
[2021-01-12T20:57:36.682] [DEBUG] cheese - admin
[2021-01-12T20:57:36.685] [DEBUG] cheese - null
[2021-01-12T20:57:36.685] [DEBUG] cheese - null
[2021-01-13T17:46:23.399] [DEBUG] cheese - login => username:admin,password:123456
[2021-01-13T17:46:23.401] [DEBUG] cheese - admin
[2021-01-13T17:46:23.472] [DEBUG] cheese - null
[2021-01-13T17:46:23.472] [DEBUG] cheese - null
[2021-01-13T21:41:15.510] [DEBUG] cheese - login => username:admin,password:123456
[2021-01-13T21:41:15.514] [DEBUG] cheese - admin
[2021-01-13T21:41:15.528] [DEBUG] cheese - null
[2021-01-13T21:41:15.529] [DEBUG] cheese - null
[2021-01-13T21:58:28.122] [DEBUG] cheese - login => username:admin,password:123456
[2021-01-13T21:58:28.129] [DEBUG] cheese - admin
[2021-01-13T21:58:28.136] [DEBUG] cheese - null
[2021-01-13T21:58:28.137] [DEBUG] cheese - null
[2021-01-13T22:29:09.396] [DEBUG] cheese - login => username:admin,password:123456
[2021-01-13T22:29:09.399] [DEBUG] cheese - admin
[2021-01-13T22:29:09.406] [DEBUG] cheese - null
[2021-01-13T22:29:09.407] [DEBUG] cheese - null
[2021-01-13T22:48:03.645] [DEBUG] cheese - login => username:admin,password:123456
[2021-01-13T22:48:03.647] [DEBUG] cheese - admin
[2021-01-13T22:48:03.653] [DEBUG] cheese - null
[2021-01-13T22:48:03.654] [DEBUG] cheese - null
[2021-01-14T17:29:23.262] [DEBUG] cheese - login => username:admin,password:123456
[2021-01-14T17:29:23.265] [DEBUG] cheese - admin
[2021-01-14T17:29:23.312] [DEBUG] cheese - null
[2021-01-14T17:29:23.312] [DEBUG] cheese - null
[2021-01-14T20:24:26.381] [DEBUG] cheese - login => username:admin,password:123456
[2021-01-14T20:24:26.384] [DEBUG] cheese - admin
[2021-01-14T20:24:26.426] [DEBUG] cheese - null
[2021-01-14T20:24:26.426] [DEBUG] cheese - null
[2021-01-14T22:07:50.751] [DEBUG] cheese - login => username:admin,password:123456
[2021-01-14T22:07:50.756] [DEBUG] cheese - admin
[2021-01-14T22:07:50.766] [DEBUG] cheese - null
[2021-01-14T22:07:50.767] [DEBUG] cheese - null
[2021-01-15T17:48:10.833] [DEBUG] cheese - login => username:admin,password:123456
[2021-01-15T17:48:10.838] [DEBUG] cheese - admin
[2021-01-15T17:48:10.921] [DEBUG] cheese - null
[2021-01-15T17:48:10.922] [DEBUG] cheese - null
[2021-01-15T19:04:31.888] [DEBUG] cheese - login => username:admin,password:123456
[2021-01-15T19:04:31.893] [DEBUG] cheese - admin
[2021-01-15T19:04:31.897] [DEBUG] cheese - null
[2021-01-15T19:04:31.897] [DEBUG] cheese - null
[2021-01-15T20:46:09.503] [DEBUG] cheese - null
[2021-01-15T20:47:05.744] [DEBUG] cheese - null
[2021-01-16T17:23:32.281] [DEBUG] cheese - login => username:admin,password:123456
[2021-01-16T17:23:32.283] [DEBUG] cheese - admin
[2021-01-16T17:23:32.325] [DEBUG] cheese - null
[2021-01-16T17:23:32.326] [DEBUG] cheese - null
[2021-01-16T18:03:45.352] [DEBUG] cheese - login => username:admin,password:123456
[2021-01-16T18:03:45.354] [DEBUG] cheese - admin
[2021-01-16T18:03:45.358] [DEBUG] cheese - null
[2021-01-16T18:03:45.359] [DEBUG] cheese - null
[2021-01-16T18:05:07.628] [DEBUG] cheese - login => username:admin,password:123456
[2021-01-16T18:05:07.629] [DEBUG] cheese - admin
[2021-01-16T18:05:07.631] [DEBUG] cheese - null
[2021-01-16T18:05:07.631] [DEBUG] cheese - null
[2021-01-16T18:06:16.142] [DEBUG] cheese - login => username:admin,password:123456
[2021-01-16T18:06:16.143] [DEBUG] cheese - admin
[2021-01-16T18:06:16.145] [DEBUG] cheese - null
[2021-01-16T18:06:16.145] [DEBUG] cheese - null
[2021-01-16T18:10:35.095] [DEBUG] cheese - login => username:admin,password:123456
[2021-01-16T18:10:35.095] [DEBUG] cheese - admin
[2021-01-16T18:10:35.103] [DEBUG] cheese - null
[2021-01-16T18:10:35.103] [DEBUG] cheese - null
[2021-01-16T18:46:48.268] [DEBUG] cheese - login => username:admin,password:123456
[2021-01-16T18:46:48.270] [DEBUG] cheese - admin
[2021-01-16T18:46:48.320] [DEBUG] cheese - null
[2021-01-16T18:46:48.320] [DEBUG] cheese - null
[2021-01-16T19:42:10.673] [DEBUG] cheese - login => username:admin,password:123456
[2021-01-16T19:42:10.675] [DEBUG] cheese - admin
[2021-01-16T19:42:10.756] [DEBUG] cheese - null
[2021-01-16T19:42:10.757] [DEBUG] cheese - null
[2021-01-16T19:58:06.661] [DEBUG] cheese - login => username:admin,password:123456
[2021-01-16T19:58:06.662] [DEBUG] cheese - admin
[2021-01-16T19:58:06.716] [DEBUG] cheese - null
[2021-01-16T19:58:06.717] [DEBUG] cheese - null
[2021-01-16T20:05:32.282] [DEBUG] cheese - login => username:admin,password:123456
[2021-01-16T20:05:32.283] [DEBUG] cheese - admin
[2021-01-16T20:05:32.314] [DEBUG] cheese - null
[2021-01-16T20:05:32.315] [DEBUG] cheese - null
[2021-01-16T20:05:37.352] [DEBUG] cheese - login => username:admin,password:123456
[2021-01-16T20:05:37.352] [DEBUG] cheese - admin
[2021-01-16T20:05:37.356] [DEBUG] cheese - null
[2021-01-16T20:05:37.357] [DEBUG] cheese - null
[2021-01-16T20:05:47.154] [DEBUG] cheese - login => username:admin,password:123456
[2021-01-16T20:05:47.154] [DEBUG] cheese - admin
[2021-01-16T20:05:47.159] [DEBUG] cheese - null
[2021-01-16T20:05:47.160] [DEBUG] cheese - null
[2021-01-16T20:06:02.591] [DEBUG] cheese - login => username:admin,password:123456
[2021-01-16T20:06:02.591] [DEBUG] cheese - admin
[2021-01-16T20:06:02.596] [DEBUG] cheese - null
[2021-01-16T20:06:02.596] [DEBUG] cheese - null
[2021-01-16T20:07:18.994] [DEBUG] cheese - login => username:admin,password:123456
[2021-01-16T20:07:18.996] [DEBUG] cheese - admin
[2021-01-16T20:07:19.001] [DEBUG] cheese - null
[2021-01-16T20:07:19.001] [DEBUG] cheese - null
[2021-01-16T20:11:15.769] [DEBUG] cheese - login => username:admin,password:123456
[2021-01-16T20:11:15.769] [DEBUG] cheese - admin
[2021-01-16T20:11:15.801] [DEBUG] cheese - null
[2021-01-16T20:11:15.801] [DEBUG] cheese - null
[2021-01-16T20:23:36.513] [DEBUG] cheese - login => username:admin,password:123456
[2021-01-16T20:23:36.541] [DEBUG] cheese - admin
[2021-01-16T20:23:36.581] [DEBUG] cheese - null
[2021-01-16T20:23:36.581] [DEBUG] cheese - null
[2021-01-16T20:26:42.405] [DEBUG] cheese - login => username:admin,password:123456
[2021-01-16T20:26:42.406] [DEBUG] cheese - admin
[2021-01-16T20:26:42.415] [DEBUG] cheese - null
[2021-01-16T20:26:42.415] [DEBUG] cheese - null
[2021-01-16T22:49:18.959] [DEBUG] cheese - login => username:admin,password:123456
[2021-01-16T22:49:18.962] [DEBUG] cheese - admin
[2021-01-16T22:49:19.045] [DEBUG] cheese - null
[2021-01-16T22:49:19.045] [DEBUG] cheese - null
[2021-01-16T23:14:49.388] [DEBUG] cheese - login => username:admin,password:123456
[2021-01-16T23:14:49.396] [DEBUG] cheese - admin
[2021-01-16T23:14:49.443] [DEBUG] cheese - null
[2021-01-16T23:14:49.444] [DEBUG] cheese - null
[2021-01-16T23:15:58.731] [DEBUG] cheese - login => username:admin,password:12345611
[2021-01-16T23:15:58.732] [DEBUG] cheese - admin
[2021-01-16T23:15:58.733] [DEBUG] cheese - null
[2021-01-16T23:15:58.734] [DEBUG] cheese - null
[2021-01-16T23:16:01.359] [DEBUG] cheese - login => username:admin,password:12345611
[2021-01-16T23:16:01.364] [DEBUG] cheese - admin
[2021-01-16T23:16:01.367] [DEBUG] cheese - null
[2021-01-16T23:16:01.367] [DEBUG] cheese - null
[2021-01-16T23:16:05.618] [DEBUG] cheese - login => username:admin,password:123456
[2021-01-16T23:16:05.619] [DEBUG] cheese - admin
[2021-01-16T23:16:05.626] [DEBUG] cheese - null
[2021-01-16T23:16:05.626] [DEBUG] cheese - null
[2021-01-16T23:17:49.938] [DEBUG] cheese - login => username:admin,password:123456
[2021-01-16T23:17:49.938] [DEBUG] cheese - admin
[2021-01-16T23:17:49.940] [DEBUG] cheese - null
[2021-01-16T23:17:49.940] [DEBUG] cheese - null
[2021-01-16T23:21:10.866] [DEBUG] cheese - login => username:admin,password:123456
[2021-01-16T23:21:10.866] [DEBUG] cheese - admin
[2021-01-16T23:21:10.877] [DEBUG] cheese - null
[2021-01-16T23:21:10.877] [DEBUG] cheese - null
[2021-01-16T23:31:19.451] [DEBUG] cheese - login => username:admin,password:123456
[2021-01-16T23:31:19.451] [DEBUG] cheese - admin
[2021-01-16T23:31:19.454] [DEBUG] cheese - null
[2021-01-16T23:31:19.454] [DEBUG] cheese - null
[2021-01-16T23:32:48.210] [DEBUG] cheese - login => username:admin,password:123456
[2021-01-16T23:32:48.210] [DEBUG] cheese - admin
[2021-01-16T23:32:48.212] [DEBUG] cheese - null
[2021-01-16T23:32:48.212] [DEBUG] cheese - null
[2021-01-16T23:33:41.241] [DEBUG] cheese - login => username:admin,password:123456
[2021-01-16T23:33:41.241] [DEBUG] cheese - admin
[2021-01-16T23:33:41.245] [DEBUG] cheese - null
[2021-01-16T23:33:41.246] [DEBUG] cheese - null
[2021-01-16T23:45:46.597] [DEBUG] cheese - login => username:admin,password:123456
[2021-01-16T23:45:46.597] [DEBUG] cheese - admin
[2021-01-16T23:45:46.616] [DEBUG] cheese - null
[2021-01-16T23:45:46.617] [DEBUG] cheese - null
[2021-01-16T23:47:50.096] [DEBUG] cheese - login => username:admin,password:123456
[2021-01-16T23:47:50.096] [DEBUG] cheese - admin
[2021-01-16T23:47:50.108] [DEBUG] cheese - null
[2021-01-16T23:47:50.108] [DEBUG] cheese - null
[2021-01-16T23:51:21.003] [DEBUG] cheese - login => username:admin,password:123456
[2021-01-16T23:51:21.004] [DEBUG] cheese - admin
[2021-01-16T23:51:21.007] [DEBUG] cheese - null
[2021-01-16T23:51:21.007] [DEBUG] cheese - null
[2021-01-16T23:53:01.904] [DEBUG] cheese - login => username:admin,password:123456
[2021-01-16T23:53:01.904] [DEBUG] cheese - admin
[2021-01-16T23:53:01.912] [DEBUG] cheese - null
[2021-01-16T23:53:01.912] [DEBUG] cheese - null
[2021-01-17T16:29:41.170] [DEBUG] cheese - login => username:admin,password:123456
[2021-01-17T16:29:41.174] [DEBUG] cheese - admin
[2021-01-17T16:29:41.237] [DEBUG] cheese - null
[2021-01-17T16:29:41.238] [DEBUG] cheese - null
[2021-01-17T16:29:43.245] [DEBUG] cheese - login => username:admin,password:123456
[2021-01-17T16:29:43.245] [DEBUG] cheese - admin
[2021-01-17T16:29:43.251] [DEBUG] cheese - null
[2021-01-17T16:29:43.251] [DEBUG] cheese - null
[2021-01-17T16:30:00.014] [DEBUG] cheese - login => username:admin,password:123456
[2021-01-17T16:30:00.015] [DEBUG] cheese - admin
[2021-01-17T16:30:02.029] [DEBUG] cheese - { inspect: [Function: inspect] }
[2021-01-17T16:30:02.034] [DEBUG] cheese - 查询失败
[2021-01-17T16:30:06.547] [DEBUG] cheese - login => username:admin,password:123456
[2021-01-17T16:30:06.547] [DEBUG] cheese - admin
[2021-01-17T16:30:06.569] [DEBUG] cheese - null
[2021-01-17T16:30:06.569] [DEBUG] cheese - null
[2021-01-17T17:01:54.607] [DEBUG] cheese - login => username:admin,password:123456
[2021-01-17T17:01:54.610] [DEBUG] cheese - admin
[2021-01-17T17:01:54.660] [DEBUG] cheese - null
[2021-01-17T17:01:54.660] [DEBUG] cheese - null
[2021-01-17T17:19:18.656] [DEBUG] cheese - login => username:admin,password:123456
[2021-01-17T17:19:18.656] [DEBUG] cheese - admin
[2021-01-17T17:19:18.662] [DEBUG] cheese - null
[2021-01-17T17:19:18.662] [DEBUG] cheese - null
[2021-01-17T17:19:45.136] [DEBUG] cheese - login => username:admin,password:123456
[2021-01-17T17:19:45.137] [DEBUG] cheese - admin
[2021-01-17T17:19:45.139] [DEBUG] cheese - null
[2021-01-17T17:19:45.139] [DEBUG] cheese - null
[2021-01-17T17:19:52.907] [DEBUG] cheese - login => username:admin,password:123456
[2021-01-17T17:19:52.907] [DEBUG] cheese - admin
[2021-01-17T17:19:52.909] [DEBUG] cheese - null
[2021-01-17T17:19:52.909] [DEBUG] cheese - null
[2021-01-17T17:31:07.833] [DEBUG] cheese - login => username:admin,password:123456
[2021-01-17T17:31:07.837] [DEBUG] cheese - admin
[2021-01-17T17:31:07.851] [DEBUG] cheese - null
[2021-01-17T17:31:07.852] [DEBUG] cheese - null
[2021-01-17T18:20:03.010] [DEBUG] cheese - null
[2021-01-17T18:20:14.016] [DEBUG] cheese - null
[2021-01-17T18:21:07.992] [DEBUG] cheese - null
[2021-01-17T18:24:49.985] [DEBUG] cheese - login => username:admin,password:123456
[2021-01-17T18:24:49.987] [DEBUG] cheese - admin
[2021-01-17T18:24:49.991] [DEBUG] cheese - null
[2021-01-17T18:24:49.991] [DEBUG] cheese - null
[2021-01-17T18:26:36.239] [DEBUG] cheese - null
[2021-01-17T18:26:38.906] [DEBUG] cheese - null
[2021-01-17T18:26:40.656] [DEBUG] cheese - null
[2021-01-17T18:27:10.420] [DEBUG] cheese - null
[2021-01-17T20:30:27.608] [DEBUG] cheese - login => username:admin,password:123456
[2021-01-17T20:30:27.611] [DEBUG] cheese - admin
[2021-01-17T20:30:27.675] [DEBUG] cheese - null
[2021-01-17T20:30:27.676] [DEBUG] cheese - null
[2021-01-17T21:31:00.121] [DEBUG] cheese - login => username:admin,password:123456
[2021-01-17T21:31:00.123] [DEBUG] cheese - admin
[2021-01-17T21:31:00.179] [DEBUG] cheese - null
[2021-01-17T21:31:00.180] [DEBUG] cheese - null
[2021-01-17T22:31:06.876] [DEBUG] cheese - login => username:admin,password:123456
[2021-01-17T22:31:06.878] [DEBUG] cheese - admin
[2021-01-17T22:31:06.944] [DEBUG] cheese - null
[2021-01-17T22:31:06.944] [DEBUG] cheese - null
[2021-01-17T23:35:02.246] [DEBUG] cheese - login => username:admin,password:123456
[2021-01-17T23:35:02.250] [DEBUG] cheese - admin
[2021-01-17T23:35:02.320] [DEBUG] cheese - null
[2021-01-17T23:35:02.321] [DEBUG] cheese - null
[2021-01-18T00:25:58.234] [DEBUG] cheese - login => username:admin,password:123456
[2021-01-18T00:25:58.235] [DEBUG] cheese - admin
[2021-01-18T00:25:58.279] [DEBUG] cheese - null
[2021-01-18T00:25:58.280] [DEBUG] cheese - null
[2021-01-18T00:26:25.042] [DEBUG] cheese - login => username:admin,password:123456
[2021-01-18T00:26:25.043] [DEBUG] cheese - admin
[2021-01-18T00:26:25.046] [DEBUG] cheese - null
[2021-01-18T00:26:25.047] [DEBUG] cheese - null
[2021-01-18T00:35:20.826] [DEBUG] cheese - login => username:admin,password:123456
[2021-01-18T00:35:20.829] [DEBUG] cheese - admin
[2021-01-18T00:35:20.849] [DEBUG] cheese - null
[2021-01-18T00:35:20.851] [DEBUG] cheese - null
[2021-01-18T00:39:52.135] [DEBUG] cheese - login => username:admin,password:123456
[2021-01-18T00:39:52.136] [DEBUG] cheese - admin
[2021-01-18T00:39:52.152] [DEBUG] cheese - null
[2021-01-18T00:39:52.153] [DEBUG] cheese - null
